<?xml version="1.0" encoding="UTF-8"?>
<testsuite name="ch.noser.uek223.domain.user.unitTest.UserRepositoryTest" tests="1" skipped="0" failures="0" errors="0" timestamp="2021-03-11T15:17:57" hostname="LAPTOP-3NNBTPG3" time="0.049">
  <properties/>
  <testcase name="testFindBymail()" classname="ch.noser.uek223.domain.user.unitTest.UserRepositoryTest" time="0.049"/>
  <system-out><![CDATA[]]></system-out>
  <system-err><![CDATA[]]></system-err>
</testsuite>
